Release 14.7 - xst P.20131013 (lin)
Copyright (c) 1995-2013 Xilinx, Inc.  All rights reserved.
--> 
Parameter TMPDIR set to xst/projnav.tmp


Total REAL time to Xst completion: 0.00 secs
Total CPU time to Xst completion: 0.06 secs
 
--> 
Parameter xsthdpdir set to xst


Total REAL time to Xst completion: 0.00 secs
Total CPU time to Xst completion: 0.06 secs
 
--> 
Reading design: karabas_go.prj

TABLE OF CONTENTS
  1) Synthesis Options Summary
  2) HDL Parsing
  3) HDL Elaboration
  4) HDL Synthesis
       4.1) HDL Synthesis Report
  5) Advanced HDL Synthesis
       5.1) Advanced HDL Synthesis Report
  6) Low Level Synthesis
  7) Partition Report
  8) Design Summary
       8.1) Primitive and Black Box Usage
       8.2) Device utilization summary
       8.3) Partition Resource Summary
       8.4) Timing Report
            8.4.1) Clock Information
            8.4.2) Asynchronous Control Signals Information
            8.4.3) Timing Summary
            8.4.4) Timing Details
            8.4.5) Cross Clock Domains Report


=========================================================================
*                      Synthesis Options Summary                        *
=========================================================================
---- Source Parameters
Input File Name                    : "karabas_go.prj"
Ignore Synthesis Constraint File   : NO

---- Target Parameters
Output File Name                   : "karabas_go"
Output Format                      : NGC
Target Device                      : xc6slx25-2-ftg256

---- Source Options
Top Module Name                    : karabas_go
Automatic FSM Extraction           : YES
FSM Encoding Algorithm             : Auto
Safe Implementation                : No
FSM Style                          : LUT
RAM Extraction                     : Yes
RAM Style                          : Auto
ROM Extraction                     : Yes
Shift Register Extraction          : YES
ROM Style                          : Auto
Resource Sharing                   : YES
Asynchronous To Synchronous        : NO
Shift Register Minimum Size        : 2
Use DSP Block                      : Auto
Automatic Register Balancing       : No

---- Target Options
LUT Combining                      : Auto
Reduce Control Sets                : Auto
Add IO Buffers                     : YES
Global Maximum Fanout              : 100000
Add Generic Clock Buffer(BUFG)     : 16
Register Duplication               : YES
Optimize Instantiated Primitives   : NO
Use Clock Enable                   : Auto
Use Synchronous Set                : Auto
Use Synchronous Reset              : Auto
Pack IO Registers into IOBs        : Auto
Equivalent register Removal        : YES

---- General Options
Optimization Goal                  : Speed
Optimization Effort                : 1
Power Reduction                    : NO
Keep Hierarchy                     : No
Netlist Hierarchy                  : As_Optimized
RTL Output                         : Yes
Global Optimization                : AllClockNets
Read Cores                         : YES
Write Timing Constraints           : NO
Cross Clock Analysis               : NO
Hierarchy Separator                : /
Bus Delimiter                      : <>
Case Specifier                     : Maintain
Slice Utilization Ratio            : 100
BRAM Utilization Ratio             : 100
DSP48 Utilization Ratio            : 100
Auto BRAM Packing                  : NO
Slice Utilization Ratio Delta      : 5

=========================================================================


=========================================================================
*                          HDL Parsing                                  *
=========================================================================
Parsing VHDL file "/home/andy/Documents/Projects/Retrocomp/ZX-Spectrum/karabas-go/karabas-go-core-test/src/ipcore_dir/pll.vhd" into library work
Parsing entity <pll>.
Parsing architecture <xilinx> of entity <pll>.
Parsing VHDL file "/home/andy/Documents/Projects/Retrocomp/ZX-Spectrum/karabas-go/karabas-go-core-test/src/karabas-go.vhd" into library work
Parsing entity <karabas_go>.
Parsing architecture <Behavioral> of entity <karabas_go>.
WARNING:HDLCompiler:946 - "/home/andy/Documents/Projects/Retrocomp/ZX-Spectrum/karabas-go/karabas-go-core-test/src/karabas-go.vhd" Line 234: Actual for formal port c1 is neither a static name nor a globally static expression

=========================================================================
*                            HDL Elaboration                            *
=========================================================================

Elaborating entity <karabas_go> (architecture <Behavioral>) from library <work>.
WARNING:HDLCompiler:92 - "/home/andy/Documents/Projects/Retrocomp/ZX-Spectrum/karabas-go/karabas-go-core-test/src/karabas-go.vhd" Line 188: led should be on the sensitivity list of the process

Elaborating entity <pll> (architecture <xilinx>) from library <work>.
WARNING:HDLCompiler:89 - "/home/andy/Documents/Projects/Retrocomp/ZX-Spectrum/karabas-go/karabas-go-core-test/src/karabas-go.vhd" Line 128: <oddr2> remains a black-box since it has no binding entity.

=========================================================================
*                           HDL Synthesis                               *
=========================================================================

Synthesizing Unit <karabas_go>.
    Related source file is "/home/andy/Documents/Projects/Retrocomp/ZX-Spectrum/karabas-go/karabas-go-core-test/src/karabas-go.vhd".
WARNING:Xst:647 - Input <TAPE_IN> is never used. This port will be preserved and left unconnected if it belongs to a top-level block or it belongs to a sub-block and the hierarchy of this sub-block is preserved.
WARNING:Xst:647 - Input <SD_DET_N> is never used. This port will be preserved and left unconnected if it belongs to a top-level block or it belongs to a sub-block and the hierarchy of this sub-block is preserved.
WARNING:Xst:647 - Input <MCU_CS_N> is never used. This port will be preserved and left unconnected if it belongs to a top-level block or it belongs to a sub-block and the hierarchy of this sub-block is preserved.
WARNING:Xst:647 - Input <MCU_SCK> is never used. This port will be preserved and left unconnected if it belongs to a top-level block or it belongs to a sub-block and the hierarchy of this sub-block is preserved.
    Found 1-bit register for signal <led>.
    Found 12-bit register for signal <hcnt>.
    Found 12-bit register for signal <vcnt>.
    Found 8-bit register for signal <shift>.
    Found 27-bit register for signal <cnt>.
    Found 27-bit adder for signal <cnt[26]_GND_6_o_add_9_OUT> created at line 183.
    Found 8-bit adder for signal <hcnt[7]_PWR_6_o_and_23_OUT> created at line 195.
    Found 8-bit adder for signal <vcnt[7]_PWR_6_o_and_30_OUT> created at line 196.
    Found 8-bit adder for signal <hcnt[7]_vcnt[7]_add_36_OUT> created at line 197.
    Found 12-bit adder for signal <hcnt[11]_GND_6_o_add_41_OUT> created at line 211.
    Found 8-bit adder for signal <shift[7]_GND_6_o_add_45_OUT> created at line 216.
    Found 12-bit adder for signal <vcnt[11]_GND_6_o_add_46_OUT> created at line 218.
    Found 8-bit subtractor for signal <GND_6_o_PWR_6_o_and_38_OUT> created at line 197.
    Found 12-bit comparator lessequal for signal <n0014> created at line 191
    Found 12-bit comparator greater for signal <GND_6_o_hcnt[11]_LessThan_14_o> created at line 191
    Found 12-bit comparator lessequal for signal <n0019> created at line 192
    Found 12-bit comparator greater for signal <GND_6_o_vcnt[11]_LessThan_16_o> created at line 192
    Found 12-bit comparator greater for signal <GND_6_o_hcnt[11]_LessThan_17_o> created at line 193
    Found 12-bit comparator greater for signal <GND_6_o_vcnt[11]_LessThan_18_o> created at line 193
    Summary:
	inferred   8 Adder/Subtractor(s).
	inferred  60 D-type flip-flop(s).
	inferred   6 Comparator(s).
	inferred   6 Multiplexer(s).
Unit <karabas_go> synthesized.

Synthesizing Unit <pll>.
    Related source file is "/home/andy/Documents/Projects/Retrocomp/ZX-Spectrum/karabas-go/karabas-go-core-test/src/ipcore_dir/pll.vhd".
    Summary:
	no macro.
Unit <pll> synthesized.

=========================================================================
HDL Synthesis Report

Macro Statistics
# Adders/Subtractors                                   : 8
 12-bit adder                                          : 2
 27-bit adder                                          : 1
 8-bit adder                                           : 4
 8-bit subtractor                                      : 1
# Registers                                            : 5
 1-bit register                                        : 1
 12-bit register                                       : 2
 27-bit register                                       : 1
 8-bit register                                        : 1
# Comparators                                          : 6
 12-bit comparator greater                             : 4
 12-bit comparator lessequal                           : 2
# Multiplexers                                         : 6
 8-bit 2-to-1 multiplexer                              : 6

=========================================================================

=========================================================================
*                       Advanced HDL Synthesis                          *
=========================================================================


Synthesizing (advanced) Unit <karabas_go>.
The following registers are absorbed into counter <cnt>: 1 register on signal <cnt>.
The following registers are absorbed into counter <hcnt>: 1 register on signal <hcnt>.
The following registers are absorbed into counter <shift>: 1 register on signal <shift>.
The following registers are absorbed into counter <vcnt>: 1 register on signal <vcnt>.
Unit <karabas_go> synthesized (advanced).

=========================================================================
Advanced HDL Synthesis Report

Macro Statistics
# Adders/Subtractors                                   : 4
 8-bit adder                                           : 3
 8-bit subtractor                                      : 1
# Counters                                             : 4
 12-bit up counter                                     : 2
 27-bit up counter                                     : 1
 8-bit up counter                                      : 1
# Registers                                            : 1
 Flip-Flops                                            : 1
# Comparators                                          : 6
 12-bit comparator greater                             : 4
 12-bit comparator lessequal                           : 2
# Multiplexers                                         : 6
 8-bit 2-to-1 multiplexer                              : 6

=========================================================================

=========================================================================
*                         Low Level Synthesis                           *
=========================================================================

Optimizing unit <karabas_go> ...

Mapping all equations...
Building and optimizing final netlist ...
Found area constraint ratio of 100 (+ 5) on block karabas_go, actual ratio is 1.
FlipFlop hcnt_7 has been replicated 1 time(s)

Final Macro Processing ...

=========================================================================
Final Register Report

Macro Statistics
# Registers                                            : 61
 Flip-Flops                                            : 61

=========================================================================

=========================================================================
*                           Partition Report                            *
=========================================================================

Partition Implementation Status
-------------------------------

  No Partitions were found in this design.

-------------------------------

=========================================================================
*                            Design Summary                             *
=========================================================================

Top Level Output File Name         : karabas_go.ngc

Primitive and Black Box Usage:
------------------------------
# BELS                             : 361
#      GND                         : 1
#      INV                         : 6
#      LUT1                        : 55
#      LUT2                        : 31
#      LUT3                        : 44
#      LUT4                        : 11
#      LUT5                        : 6
#      LUT6                        : 47
#      MUXCY                       : 76
#      VCC                         : 1
#      XORCY                       : 83
# FlipFlops/Latches                : 62
#      FD                          : 52
#      FDE                         : 9
#      ODDR2                       : 1
# Clock Buffers                    : 2
#      BUFG                        : 2
# IO Buffers                       : 99
#      IBUFG                       : 1
#      OBUF                        : 98
# DCMs                             : 1
#      DCM_SP                      : 1

Device utilization summary:
---------------------------

Selected Device : 6slx25ftg256-2 


Slice Logic Utilization: 
 Number of Slice Registers:              62  out of  30064     0%  
 Number of Slice LUTs:                  200  out of  15032     1%  
    Number used as Logic:               200  out of  15032     1%  

Slice Logic Distribution: 
 Number of LUT Flip Flop pairs used:    202
   Number with an unused Flip Flop:     140  out of    202    69%  
   Number with an unused LUT:             2  out of    202     0%  
   Number of fully used LUT-FF pairs:    60  out of    202    29%  
   Number of unique control sets:         3

IO Utilization: 
 Number of IOs:                         170
 Number of bonded IOBs:                  99  out of    186    53%  

Specific Feature Utilization:
 Number of BUFG/BUFGCTRLs:                2  out of     16    12%  

---------------------------
Partition Resource Summary:
---------------------------

  No Partitions were found in this design.

---------------------------


=========================================================================
Timing Report

NOTE: THESE TIMING NUMBERS ARE ONLY A SYNTHESIS ESTIMATE.
      FOR ACCURATE TIMING INFORMATION PLEASE REFER TO THE TRACE REPORT
      GENERATED AFTER PLACE-and-ROUTE.

Clock Information:
------------------
-----------------------------------+------------------------+-------+
Clock Signal                       | Clock buffer(FF name)  | Load  |
-----------------------------------+------------------------+-------+
CLK_50MHZ                          | DCM_SP:CLKFX           | 63    |
-----------------------------------+------------------------+-------+

Asynchronous Control Signals Information:
----------------------------------------
No asynchronous control signals found in this design

Timing Summary:
---------------
Speed Grade: -2

   Minimum period: 4.036ns (Maximum Frequency: 247.770MHz)
   Minimum input arrival time before clock: No path found
   Maximum output required time after clock: 10.205ns
   Maximum combinational path delay: No path found

Timing Details:
---------------
All values displayed in nanoseconds (ns)

=========================================================================
Timing constraint: Default period analysis for Clock 'CLK_50MHZ'
  Clock period: 4.036ns (frequency: 247.770MHz)
  Total number of paths / destination ports: 1425 / 70
-------------------------------------------------------------------------
Delay:               5.045ns (Levels of Logic = 3)
  Source:            vcnt_11 (FF)
  Destination:       vcnt_0 (FF)
  Source Clock:      CLK_50MHZ rising 0.8X
  Destination Clock: CLK_50MHZ rising 0.8X

  Data Path: vcnt_11 to vcnt_0
                                Gate     Net
    Cell:in->out      fanout   Delay   Delay  Logical Name (Net Name)
    ----------------------------------------  ------------
     FD:C->Q               6   0.525   1.152  vcnt_11 (vcnt_11)
     LUT4:I0->O           10   0.254   1.463  VGA_VS21 (GND_6_o_GND_6_o_OR_45_o3)
     LUT6:I0->O           12   0.254   1.069  _n0149 (_n0149)
     LUT4:I3->O            1   0.254   0.000  vcnt_0_rstpot1 (vcnt_0_rstpot1)
     FD:D                      0.074          vcnt_0
    ----------------------------------------
    Total                      5.045ns (1.361ns logic, 3.684ns route)
                                       (27.0% logic, 73.0% route)

=========================================================================
Timing constraint: Default OFFSET OUT AFTER for Clock 'CLK_50MHZ'
  Total number of paths / destination ports: 1605 / 27
-------------------------------------------------------------------------
Offset:              10.205ns (Levels of Logic = 5)
  Source:            hcnt_2 (FF)
  Destination:       VGA_R<7> (PAD)
  Source Clock:      CLK_50MHZ rising 0.8X

  Data Path: hcnt_2 to VGA_R<7>
                                Gate     Net
    Cell:in->out      fanout   Delay   Delay  Logical Name (Net Name)
    ----------------------------------------  ------------
     FD:C->Q              17   0.525   1.437  hcnt_2 (hcnt_2)
     LUT3:I0->O           12   0.235   1.297  GND_6_o_GND_6_o_OR_45_o111 (GND_6_o_GND_6_o_OR_45_o11)
     LUT5:I2->O            1   0.235   0.910  GND_6_o_GND_6_o_OR_45_o4 (GND_6_o_GND_6_o_OR_45_o5)
     LUT6:I3->O           24   0.235   1.488  GND_6_o_GND_6_o_OR_45_o6 (GND_6_o_GND_6_o_OR_45_o)
     LUT3:I1->O            1   0.250   0.681  Mmux_VGA_B81 (VGA_B_7_OBUF)
     OBUF:I->O                 2.912          VGA_B_7_OBUF (VGA_B<7>)
    ----------------------------------------
    Total                     10.205ns (4.392ns logic, 5.813ns route)
                                       (43.0% logic, 57.0% route)

=========================================================================

Cross Clock Domains Report:
--------------------------

Clock to Setup on destination clock CLK_50MHZ
---------------+---------+---------+---------+---------+
               | Src:Rise| Src:Fall| Src:Rise| Src:Fall|
Source Clock   |Dest:Rise|Dest:Rise|Dest:Fall|Dest:Fall|
---------------+---------+---------+---------+---------+
CLK_50MHZ      |    5.045|         |         |         |
---------------+---------+---------+---------+---------+

=========================================================================


Total REAL time to Xst completion: 5.00 secs
Total CPU time to Xst completion: 5.64 secs
 
--> 


Total memory usage is 142020 kilobytes

Number of errors   :    0 (   0 filtered)
Number of warnings :    7 (   0 filtered)
Number of infos    :    0 (   0 filtered)

