Release 14.7 Map P.20131013 (lin)
Xilinx Mapping Report File for Design 'karabas_go'

Design Information
------------------
Command Line   : map -intstyle ise -p xc6slx25-ftg256-2 -w -logic_opt off -ol
high -t 1 -xt 0 -register_duplication off -r 4 -global_opt off -mt off -ir off
-pr off -lc off -power off -o karabas_go_map.ncd karabas_go.ngd karabas_go.pcf 
Target Device  : xc6slx25
Target Package : ftg256
Target Speed   : -2
Mapper Version : spartan6 -- $Revision: 1.55 $
Mapped Date    : Mon Nov  6 01:41:29 2023

Design Summary
--------------
Number of errors:      0
Number of warnings:    1
Slice Logic Utilization:
  Number of Slice Registers:                    28 out of  30,064    1%
    Number used as Flip Flops:                  28
    Number used as Latches:                      0
    Number used as Latch-thrus:                  0
    Number used as AND/OR logics:                0
  Number of Slice LUTs:                         33 out of  15,032    1%
    Number used as logic:                       32 out of  15,032    1%
      Number using O6 output only:               6
      Number using O5 output only:              25
      Number using O5 and O6:                    1
      Number used as ROM:                        0
    Number used as Memory:                       0 out of   3,664    0%
    Number used exclusively as route-thrus:      1
      Number with same-slice register load:      0
      Number with same-slice carry load:         1
      Number with other load:                    0

Slice Logic Distribution:
  Number of occupied Slices:                    10 out of   3,758    1%
  Number of MUXCYs used:                        28 out of   7,516    1%
  Number of LUT Flip Flop pairs used:           33
    Number with an unused Flip Flop:             5 out of      33   15%
    Number with an unused LUT:                   0 out of      33    0%
    Number of fully used LUT-FF pairs:          28 out of      33   84%
    Number of unique control sets:               1
    Number of slice register sites lost
      to control set restrictions:               4 out of  30,064    1%

  A LUT Flip Flop pair for this architecture represents one LUT paired with
  one Flip Flop within a slice.  A control set is a unique combination of
  clock, reset, set, and enable signals for a registered element.
  The Slice Logic Distribution report is not meaningful if the design is
  over-mapped for a non-slice resource or if Placement fails.

IO Utilization:
  Number of bonded IOBs:                       170 out of     186   91%
    Number of LOCed IOBs:                      170 out of     170  100%

Specific Feature Utilization:
  Number of RAMB16BWERs:                         0 out of      52    0%
  Number of RAMB8BWERs:                          0 out of     104    0%
  Number of BUFIO2/BUFIO2_2CLKs:                 0 out of      32    0%
  Number of BUFIO2FB/BUFIO2FB_2CLKs:             0 out of      32    0%
  Number of BUFG/BUFGMUXs:                       1 out of      16    6%
    Number used as BUFGs:                        1
    Number used as BUFGMUX:                      0
  Number of DCM/DCM_CLKGENs:                     0 out of       4    0%
  Number of ILOGIC2/ISERDES2s:                   0 out of     272    0%
  Number of IODELAY2/IODRP2/IODRP2_MCBs:         0 out of     272    0%
  Number of OLOGIC2/OSERDES2s:                   0 out of     272    0%
  Number of BSCANs:                              0 out of       4    0%
  Number of BUFHs:                               0 out of     160    0%
  Number of BUFPLLs:                             0 out of       8    0%
  Number of BUFPLL_MCBs:                         0 out of       4    0%
  Number of DSP48A1s:                            0 out of      38    0%
  Number of ICAPs:                               0 out of       1    0%
  Number of MCBs:                                0 out of       2    0%
  Number of PCILOGICSEs:                         0 out of       2    0%
  Number of PLL_ADVs:                            0 out of       2    0%
  Number of PMVs:                                0 out of       1    0%
  Number of STARTUPs:                            0 out of       1    0%
  Number of SUSPEND_SYNCs:                       0 out of       1    0%

Average Fanout of Non-Clock Nets:                0.62

Peak Memory Usage:  266 MB
Total REAL time to MAP completion:  8 secs 
Total CPU time to MAP completion:   7 secs 

Table of Contents
-----------------
Section 1 - Errors
Section 2 - Warnings
Section 3 - Informational
Section 4 - Removed Logic Summary
Section 5 - Removed Logic
Section 6 - IOB Properties
Section 7 - RPMs
Section 8 - Guide Report
Section 9 - Area Group and Partition Summary
Section 10 - Timing Report
Section 11 - Configuration String Information
Section 12 - Control Set Information
Section 13 - Utilization by Hierarchy

Section 1 - Errors
------------------

Section 2 - Warnings
--------------------
WARNING:PhysDesignRules:781 - PULLUP on an active net. PULLUP of comp
   SD_CS_N_PULLUP is set but the tri state is not configured. 

Section 3 - Informational
-------------------------
INFO:LIT:243 - Logical network TAPE_IN_IBUF has no load.
INFO:LIT:395 - The above info message is repeated 70 more times for the
   following (max. 5 shown):
   SD_DET_N_IBUF,
   MCU_CS_N_IBUF,
   MCU_SCK_IBUF,
   WD<15>_IBUF,
   WD<14>_IBUF
   To see the details of these info messages, please use the -detail switch.
INFO:MapLib:562 - No environment variables are currently set.
INFO:Pack:1716 - Initializing temperature to 85.000 Celsius. (default - Range:
   0.000 to 85.000 Celsius)
INFO:Pack:1720 - Initializing voltage to 1.140 Volts. (default - Range: 1.140 to
   1.260 Volts)
INFO:Map:215 - The Interim Design Summary has been generated in the MAP Report
   (.mrp).
INFO:Pack:1650 - Map created a placed design.

Section 4 - Removed Logic Summary
---------------------------------
   2 block(s) optimized away

Section 5 - Removed Logic
-------------------------

Optimized Block(s):
TYPE 		BLOCK
GND 		XST_GND
VCC 		XST_VCC

To enable printing of redundant blocks removed and signals merged, set the
detailed map report option and rerun map.

Section 6 - IOB Properties
--------------------------

+---------------------------------------------------------------------------------------------------------------------------------------------------------+
| IOB Name                           | Type             | Direction | IO Standard          | Diff  | Drive    | Slew | Reg (s)      | Resistor | IOB      |
|                                    |                  |           |                      | Term  | Strength | Rate |              |          | Delay    |
+---------------------------------------------------------------------------------------------------------------------------------------------------------+
| BEEPER                             | IOB              | OUTPUT    | LVCMOS33             |       | 12       | SLOW |              |          |          |
| CLK_50MHZ                          | IOB              | INPUT     | LVCMOS33             |       |          |      |              |          |          |
| DAC_BCK                            | IOB              | OUTPUT    | LVCMOS33             |       | 12       | SLOW |              |          |          |
| DAC_DAT                            | IOB              | OUTPUT    | LVCMOS33             |       | 12       | SLOW |              |          |          |
| DAC_LRCK                           | IOB              | OUTPUT    | LVCMOS33             |       | 12       | SLOW |              |          |          |
| DAC_MUTE                           | IOB              | OUTPUT    | LVCMOS33             |       | 12       | SLOW |              |          |          |
| ESP_BOOT_N                         | IOB              | OUTPUT    | LVCMOS33             |       | 12       | SLOW |              |          |          |
| ESP_RESET_N                        | IOB              | OUTPUT    | LVCMOS33             |       | 12       | SLOW |              |          |          |
| FDC_DIR                            | IOB              | INPUT     | LVCMOS33             |       |          |      |              |          |          |
| FDC_DRIVE<0>                       | IOB              | OUTPUT    | LVCMOS33             |       | 12       | SLOW |              |          |          |
| FDC_DRIVE<1>                       | IOB              | OUTPUT    | LVCMOS33             |       | 12       | SLOW |              |          |          |
| FDC_INDEX                          | IOB              | INPUT     | LVCMOS33             |       |          |      |              |          |          |
| FDC_MOTOR                          | IOB              | OUTPUT    | LVCMOS33             |       | 12       | SLOW |              |          |          |
| FDC_RDATA                          | IOB              | INPUT     | LVCMOS33             |       |          |      |              |          |          |
| FDC_SIDE_N                         | IOB              | INPUT     | LVCMOS33             |       |          |      |              |          |          |
| FDC_STEP                           | IOB              | INPUT     | LVCMOS33             |       |          |      |              |          |          |
| FDC_TR00                           | IOB              | INPUT     | LVCMOS33             |       |          |      |              |          |          |
| FDC_WDATA                          | IOB              | INPUT     | LVCMOS33             |       |          |      |              |          |          |
| FDC_WGATE                          | IOB              | INPUT     | LVCMOS33             |       |          |      |              |          |          |
| FDC_WPRT                           | IOB              | INPUT     | LVCMOS33             |       |          |      |              |          |          |
| FT_CLK                             | IOB              | INPUT     | LVCMOS33             |       |          |      |              |          |          |
| FT_INT_N                           | IOB              | INPUT     | LVCMOS33             |       |          |      |              |          |          |
| FT_OE_N                            | IOB              | OUTPUT    | LVCMOS33             |       | 12       | SLOW |              |          |          |
| FT_SPI_CS_N                        | IOB              | OUTPUT    | LVCMOS33             |       | 12       | SLOW |              |          |          |
| FT_SPI_MISO                        | IOB              | INPUT     | LVCMOS33             |       |          |      |              |          |          |
| FT_SPI_MOSI                        | IOB              | INPUT     | LVCMOS33             |       |          |      |              |          |          |
| FT_SPI_SCK                         | IOB              | OUTPUT    | LVCMOS33             |       | 12       | SLOW |              |          |          |
| MA<0>                              | IOB              | OUTPUT    | LVCMOS33             |       | 4        | FAST |              |          |          |
| MA<1>                              | IOB              | OUTPUT    | LVCMOS33             |       | 4        | FAST |              |          |          |
| MA<2>                              | IOB              | OUTPUT    | LVCMOS33             |       | 4        | FAST |              |          |          |
| MA<3>                              | IOB              | OUTPUT    | LVCMOS33             |       | 4        | FAST |              |          |          |
| MA<4>                              | IOB              | OUTPUT    | LVCMOS33             |       | 4        | FAST |              |          |          |
| MA<5>                              | IOB              | OUTPUT    | LVCMOS33             |       | 4        | FAST |              |          |          |
| MA<6>                              | IOB              | OUTPUT    | LVCMOS33             |       | 4        | FAST |              |          |          |
| MA<7>                              | IOB              | OUTPUT    | LVCMOS33             |       | 4        | FAST |              |          |          |
| MA<8>                              | IOB              | OUTPUT    | LVCMOS33             |       | 4        | FAST |              |          |          |
| MA<9>                              | IOB              | OUTPUT    | LVCMOS33             |       | 4        | FAST |              |          |          |
| MA<10>                             | IOB              | OUTPUT    | LVCMOS33             |       | 4        | FAST |              |          |          |
| MA<11>                             | IOB              | OUTPUT    | LVCMOS33             |       | 4        | FAST |              |          |          |
| MA<12>                             | IOB              | OUTPUT    | LVCMOS33             |       | 4        | FAST |              |          |          |
| MA<13>                             | IOB              | OUTPUT    | LVCMOS33             |       | 4        | FAST |              |          |          |
| MA<14>                             | IOB              | OUTPUT    | LVCMOS33             |       | 4        | FAST |              |          |          |
| MA<15>                             | IOB              | OUTPUT    | LVCMOS33             |       | 4        | FAST |              |          |          |
| MA<16>                             | IOB              | OUTPUT    | LVCMOS33             |       | 4        | FAST |              |          |          |
| MA<17>                             | IOB              | OUTPUT    | LVCMOS33             |       | 4        | FAST |              |          |          |
| MA<18>                             | IOB              | OUTPUT    | LVCMOS33             |       | 4        | FAST |              |          |          |
| MA<19>                             | IOB              | OUTPUT    | LVCMOS33             |       | 4        | FAST |              |          |          |
| MA<20>                             | IOB              | OUTPUT    | LVCMOS33             |       | 4        | FAST |              |          |          |
| MCU_CS_N                           | IOB              | INPUT     | LVCMOS33             |       |          |      |              |          |          |
| MCU_MISO                           | IOB              | INPUT     | LVCMOS33             |       |          |      |              |          |          |
| MCU_MOSI                           | IOB              | INPUT     | LVCMOS33             |       |          |      |              |          |          |
| MCU_SCK                            | IOB              | INPUT     | LVCMOS33             |       |          |      |              |          |          |
| MD<0>                              | IOB              | INPUT     | LVCMOS33             |       |          |      |              |          |          |
| MD<1>                              | IOB              | INPUT     | LVCMOS33             |       |          |      |              |          |          |
| MD<2>                              | IOB              | INPUT     | LVCMOS33             |       |          |      |              |          |          |
| MD<3>                              | IOB              | INPUT     | LVCMOS33             |       |          |      |              |          |          |
| MD<4>                              | IOB              | INPUT     | LVCMOS33             |       |          |      |              |          |          |
| MD<5>                              | IOB              | INPUT     | LVCMOS33             |       |          |      |              |          |          |
| MD<6>                              | IOB              | INPUT     | LVCMOS33             |       |          |      |              |          |          |
| MD<7>                              | IOB              | INPUT     | LVCMOS33             |       |          |      |              |          |          |
| MD<8>                              | IOB              | INPUT     | LVCMOS33             |       |          |      |              |          |          |
| MD<9>                              | IOB              | INPUT     | LVCMOS33             |       |          |      |              |          |          |
| MD<10>                             | IOB              | INPUT     | LVCMOS33             |       |          |      |              |          |          |
| MD<11>                             | IOB              | INPUT     | LVCMOS33             |       |          |      |              |          |          |
| MD<12>                             | IOB              | INPUT     | LVCMOS33             |       |          |      |              |          |          |
| MD<13>                             | IOB              | INPUT     | LVCMOS33             |       |          |      |              |          |          |
| MD<14>                             | IOB              | INPUT     | LVCMOS33             |       |          |      |              |          |          |
| MD<15>                             | IOB              | INPUT     | LVCMOS33             |       |          |      |              |          |          |
| MRD_N<0>                           | IOB              | OUTPUT    | LVCMOS33             |       | 4        | FAST |              |          |          |
| MRD_N<1>                           | IOB              | OUTPUT    | LVCMOS33             |       | 4        | FAST |              |          |          |
| MWR_N<0>                           | IOB              | OUTPUT    | LVCMOS33             |       | 4        | FAST |              |          |          |
| MWR_N<1>                           | IOB              | OUTPUT    | LVCMOS33             |       | 4        | FAST |              |          |          |
| SDR_A<0>                           | IOB              | OUTPUT    | LVCMOS33             |       | 4        | FAST |              |          |          |
| SDR_A<1>                           | IOB              | OUTPUT    | LVCMOS33             |       | 4        | FAST |              |          |          |
| SDR_A<2>                           | IOB              | OUTPUT    | LVCMOS33             |       | 4        | FAST |              |          |          |
| SDR_A<3>                           | IOB              | OUTPUT    | LVCMOS33             |       | 4        | FAST |              |          |          |
| SDR_A<4>                           | IOB              | OUTPUT    | LVCMOS33             |       | 4        | FAST |              |          |          |
| SDR_A<5>                           | IOB              | OUTPUT    | LVCMOS33             |       | 4        | FAST |              |          |          |
| SDR_A<6>                           | IOB              | OUTPUT    | LVCMOS33             |       | 4        | FAST |              |          |          |
| SDR_A<7>                           | IOB              | OUTPUT    | LVCMOS33             |       | 4        | FAST |              |          |          |
| SDR_A<8>                           | IOB              | OUTPUT    | LVCMOS33             |       | 4        | FAST |              |          |          |
| SDR_A<9>                           | IOB              | OUTPUT    | LVCMOS33             |       | 4        | FAST |              |          |          |
| SDR_A<10>                          | IOB              | OUTPUT    | LVCMOS33             |       | 4        | FAST |              |          |          |
| SDR_A<11>                          | IOB              | OUTPUT    | LVCMOS33             |       | 4        | FAST |              |          |          |
| SDR_A<12>                          | IOB              | OUTPUT    | LVCMOS33             |       | 4        | FAST |              |          |          |
| SDR_BA<0>                          | IOB              | OUTPUT    | LVCMOS33             |       | 4        | FAST |              |          |          |
| SDR_BA<1>                          | IOB              | OUTPUT    | LVCMOS33             |       | 4        | FAST |              |          |          |
| SDR_CAS_N                          | IOB              | OUTPUT    | LVCMOS33             |       | 4        | FAST |              |          |          |
| SDR_CLK                            | IOB              | OUTPUT    | LVCMOS33             |       | 4        | FAST |              |          |          |
| SDR_DQ<0>                          | IOB              | INPUT     | LVCMOS33             |       |          |      |              |          |          |
| SDR_DQ<1>                          | IOB              | INPUT     | LVCMOS33             |       |          |      |              |          |          |
| SDR_DQ<2>                          | IOB              | INPUT     | LVCMOS33             |       |          |      |              |          |          |
| SDR_DQ<3>                          | IOB              | INPUT     | LVCMOS33             |       |          |      |              |          |          |
| SDR_DQ<4>                          | IOB              | INPUT     | LVCMOS33             |       |          |      |              |          |          |
| SDR_DQ<5>                          | IOB              | INPUT     | LVCMOS33             |       |          |      |              |          |          |
| SDR_DQ<6>                          | IOB              | INPUT     | LVCMOS33             |       |          |      |              |          |          |
| SDR_DQ<7>                          | IOB              | INPUT     | LVCMOS33             |       |          |      |              |          |          |
| SDR_DQ<8>                          | IOB              | INPUT     | LVCMOS33             |       |          |      |              |          |          |
| SDR_DQ<9>                          | IOB              | INPUT     | LVCMOS33             |       |          |      |              |          |          |
| SDR_DQ<10>                         | IOB              | INPUT     | LVCMOS33             |       |          |      |              |          |          |
| SDR_DQ<11>                         | IOB              | INPUT     | LVCMOS33             |       |          |      |              |          |          |
| SDR_DQ<12>                         | IOB              | INPUT     | LVCMOS33             |       |          |      |              |          |          |
| SDR_DQ<13>                         | IOB              | INPUT     | LVCMOS33             |       |          |      |              |          |          |
| SDR_DQ<14>                         | IOB              | INPUT     | LVCMOS33             |       |          |      |              |          |          |
| SDR_DQ<15>                         | IOB              | INPUT     | LVCMOS33             |       |          |      |              |          |          |
| SDR_DQM<0>                         | IOB              | OUTPUT    | LVCMOS33             |       | 4        | FAST |              |          |          |
| SDR_DQM<1>                         | IOB              | OUTPUT    | LVCMOS33             |       | 4        | FAST |              |          |          |
| SDR_RAS_N                          | IOB              | OUTPUT    | LVCMOS33             |       | 4        | FAST |              |          |          |
| SDR_WE_N                           | IOB              | OUTPUT    | LVCMOS33             |       | 4        | FAST |              |          |          |
| SD_CLK                             | IOB              | OUTPUT    | LVCMOS33             |       | 12       | SLOW |              |          |          |
| SD_CS_N                            | IOB              | OUTPUT    | LVCMOS33             |       | 12       | SLOW |              | PULLUP   |          |
| SD_DET_N                           | IOB              | INPUT     | LVCMOS33             |       |          |      |              | PULLUP   |          |
| SD_DI                              | IOB              | INPUT     | LVCMOS33             |       |          |      |              |          |          |
| SD_DO                              | IOB              | INPUT     | LVCMOS33             |       |          |      |              |          |          |
| TAPE_IN                            | IOB              | INPUT     | LVCMOS33             |       |          |      |              | PULLUP   |          |
| TAPE_OUT                           | IOB              | OUTPUT    | LVCMOS33             |       | 12       | SLOW |              |          |          |
| UART_CTS                           | IOB              | OUTPUT    | LVCMOS33             |       | 12       | SLOW |              |          |          |
| UART_RX                            | IOB              | INPUT     | LVCMOS33             |       |          |      |              | PULLUP   |          |
| UART_TX                            | IOB              | INPUT     | LVCMOS33             |       |          |      |              | PULLUP   |          |
| VGA_B<0>                           | IOB              | OUTPUT    | LVCMOS33             |       | 12       | SLOW |              |          |          |
| VGA_B<1>                           | IOB              | OUTPUT    | LVCMOS33             |       | 12       | SLOW |              |          |          |
| VGA_B<2>                           | IOB              | OUTPUT    | LVCMOS33             |       | 12       | SLOW |              |          |          |
| VGA_B<3>                           | IOB              | OUTPUT    | LVCMOS33             |       | 12       | SLOW |              |          |          |
| VGA_B<4>                           | IOB              | OUTPUT    | LVCMOS33             |       | 12       | SLOW |              |          |          |
| VGA_B<5>                           | IOB              | OUTPUT    | LVCMOS33             |       | 12       | SLOW |              |          |          |
| VGA_B<6>                           | IOB              | OUTPUT    | LVCMOS33             |       | 12       | SLOW |              |          |          |
| VGA_B<7>                           | IOB              | OUTPUT    | LVCMOS33             |       | 12       | SLOW |              |          |          |
| VGA_G<0>                           | IOB              | OUTPUT    | LVCMOS33             |       | 12       | SLOW |              |          |          |
| VGA_G<1>                           | IOB              | OUTPUT    | LVCMOS33             |       | 12       | SLOW |              |          |          |
| VGA_G<2>                           | IOB              | OUTPUT    | LVCMOS33             |       | 12       | SLOW |              |          |          |
| VGA_G<3>                           | IOB              | OUTPUT    | LVCMOS33             |       | 12       | SLOW |              |          |          |
| VGA_G<4>                           | IOB              | OUTPUT    | LVCMOS33             |       | 12       | SLOW |              |          |          |
| VGA_G<5>                           | IOB              | OUTPUT    | LVCMOS33             |       | 12       | SLOW |              |          |          |
| VGA_G<6>                           | IOB              | OUTPUT    | LVCMOS33             |       | 12       | SLOW |              |          |          |
| VGA_G<7>                           | IOB              | OUTPUT    | LVCMOS33             |       | 12       | SLOW |              |          |          |
| VGA_HS                             | IOB              | OUTPUT    | LVCMOS33             |       | 12       | SLOW |              |          |          |
| VGA_R<0>                           | IOB              | OUTPUT    | LVCMOS33             |       | 12       | SLOW |              |          |          |
| VGA_R<1>                           | IOB              | OUTPUT    | LVCMOS33             |       | 12       | SLOW |              |          |          |
| VGA_R<2>                           | IOB              | OUTPUT    | LVCMOS33             |       | 12       | SLOW |              |          |          |
| VGA_R<3>                           | IOB              | OUTPUT    | LVCMOS33             |       | 12       | SLOW |              |          |          |
| VGA_R<4>                           | IOB              | OUTPUT    | LVCMOS33             |       | 12       | SLOW |              |          |          |
| VGA_R<5>                           | IOB              | OUTPUT    | LVCMOS33             |       | 12       | SLOW |              |          |          |
| VGA_R<6>                           | IOB              | OUTPUT    | LVCMOS33             |       | 12       | SLOW |              |          |          |
| VGA_R<7>                           | IOB              | OUTPUT    | LVCMOS33             |       | 12       | SLOW |              |          |          |
| VGA_VS                             | IOB              | OUTPUT    | LVCMOS33             |       | 12       | SLOW |              |          |          |
| V_CLK                              | IOB              | OUTPUT    | LVCMOS33             |       | 12       | SLOW |              |          |          |
| WA<0>                              | IOB              | OUTPUT    | LVCMOS33             |       | 12       | SLOW |              |          |          |
| WA<1>                              | IOB              | OUTPUT    | LVCMOS33             |       | 12       | SLOW |              |          |          |
| WA<2>                              | IOB              | OUTPUT    | LVCMOS33             |       | 12       | SLOW |              |          |          |
| WCS_N<0>                           | IOB              | OUTPUT    | LVCMOS33             |       | 12       | SLOW |              |          |          |
| WCS_N<1>                           | IOB              | OUTPUT    | LVCMOS33             |       | 12       | SLOW |              |          |          |
| WD<0>                              | IOB              | INPUT     | LVCMOS33             |       |          |      |              | PULLUP   |          |
| WD<1>                              | IOB              | INPUT     | LVCMOS33             |       |          |      |              | PULLUP   |          |
| WD<2>                              | IOB              | INPUT     | LVCMOS33             |       |          |      |              | PULLUP   |          |
| WD<3>                              | IOB              | INPUT     | LVCMOS33             |       |          |      |              | PULLUP   |          |
| WD<4>                              | IOB              | INPUT     | LVCMOS33             |       |          |      |              | PULLUP   |          |
| WD<5>                              | IOB              | INPUT     | LVCMOS33             |       |          |      |              | PULLUP   |          |
| WD<6>                              | IOB              | INPUT     | LVCMOS33             |       |          |      |              | PULLUP   |          |
| WD<7>                              | IOB              | INPUT     | LVCMOS33             |       |          |      |              | PULLUP   |          |
| WD<8>                              | IOB              | INPUT     | LVCMOS33             |       |          |      |              | PULLUP   |          |
| WD<9>                              | IOB              | INPUT     | LVCMOS33             |       |          |      |              | PULLUP   |          |
| WD<10>                             | IOB              | INPUT     | LVCMOS33             |       |          |      |              | PULLUP   |          |
| WD<11>                             | IOB              | INPUT     | LVCMOS33             |       |          |      |              | PULLUP   |          |
| WD<12>                             | IOB              | INPUT     | LVCMOS33             |       |          |      |              | PULLUP   |          |
| WD<13>                             | IOB              | INPUT     | LVCMOS33             |       |          |      |              | PULLUP   |          |
| WD<14>                             | IOB              | INPUT     | LVCMOS33             |       |          |      |              | PULLUP   |          |
| WD<15>                             | IOB              | INPUT     | LVCMOS33             |       |          |      |              | PULLUP   |          |
| WRD_N                              | IOB              | OUTPUT    | LVCMOS33             |       | 12       | SLOW |              |          |          |
| WRESET_N                           | IOB              | OUTPUT    | LVCMOS33             |       | 12       | SLOW |              |          |          |
| WWR_N                              | IOB              | OUTPUT    | LVCMOS33             |       | 12       | SLOW |              |          |          |
+---------------------------------------------------------------------------------------------------------------------------------------------------------+

Section 7 - RPMs
----------------

Section 8 - Guide Report
------------------------
Guide not run on this design.

Section 9 - Area Group and Partition Summary
--------------------------------------------

Partition Implementation Status
-------------------------------

  No Partitions were found in this design.

-------------------------------

Area Group Information
----------------------

  No area groups were found in this design.

----------------------

Section 10 - Timing Report
--------------------------
A logic-level (pre-route) timing report can be generated by using Xilinx static
timing analysis tools, Timing Analyzer (GUI) or TRCE (command line), with the
mapped NCD and PCF files. Please note that this timing report will be generated
using estimated delay information. For accurate numbers, please generate a
timing report with the post Place and Route NCD file.

For more information about the Timing Analyzer, consult the Xilinx Timing
Analyzer Reference Manual; for more information about TRCE, consult the Xilinx
Command Line Tools User Guide "TRACE" chapter.

Section 11 - Configuration String Details
-----------------------------------------
Use the "-detail" map option to print out Configuration Strings

Section 12 - Control Set Information
------------------------------------
Use the "-detail" map option to print out Control Set Information.

Section 13 - Utilization by Hierarchy
-------------------------------------
Use the "-detail" map option to print out the Utilization by Hierarchy section.
